<?xml version="1.0" encoding="utf-8"?><testsuites name="pytest tests"><testsuite name="pytest" errors="0" failures="0" skipped="0" tests="25" time="3.077" timestamp="2026-08-28T09:34:13.779988+00:00" hostname="agent-env-5d2e5d5e-defc-4990-ac80-ede7b6bb0fab"><testcase classname="tests.test_chess_arena.TestAuth" name="test_login_demo_user" time="0.304" /><testcase classname="tests.test_chess_arena.TestAuth" name="test_login_wrong_password" time="0.075" /><testcase classname="tests.test_chess_arena.TestAuth" name="test_register_new_user" time="0.155" /><testcase classname="tests.test_chess_arena.TestAuth" name="test_register_duplicate" time="0.083" /><testcase classname="tests.test_chess_arena.TestAuth" name="test_guest_login" time="0.037" /><testcase classname="tests.test_chess_arena.TestAuth" name="test_me_without_token" time="0.071" /><testcase classname="tests.test_chess_arena.TestAuth" name="test_me_with_token" time="0.031" /><testcase classname="tests.test_chess_arena.TestAuth" name="test_session_exchange_invalid_id_returns_401" time="0.287" /><testcase classname="tests.test_chess_arena.TestAuth" name="test_session_exchange_missing_field_returns_422" time="0.072" /><testcase classname="tests.test_chess_arena.TestAuth" name="test_session_exchange_empty_string_returns_401" time="0.202" /><testcase classname="tests.test_chess_arena.TestAuth" name="test_jwt_still_works_after_session_helper_extension" time="0.101" /><testcase classname="tests.test_chess_arena.TestAuth" name="test_update_profile" time="0.030" /><testcase classname="tests.test_chess_arena.TestChessEngine" name="test_ai_move_returns_legal[easy]" time="0.071" /><testcase classname="tests.test_chess_arena.TestChessEngine" name="test_ai_move_returns_legal[medium]" time="0.083" /><testcase classname="tests.test_chess_arena.TestChessEngine" name="test_ai_move_returns_legal[hard]" time="0.145" /><testcase classname="tests.test_chess_arena.TestChessEngine" name="test_ai_move_after_e2e4" time="0.073" /><testcase classname="tests.test_chess_arena.TestChessEngine" name="test_hint" time="0.107" /><testcase classname="tests.test_chess_arena.TestPuzzles" name="test_get_puzzles" time="0.029" /><testcase classname="tests.test_chess_arena.TestPuzzles" name="test_daily_puzzle" time="0.076" /><testcase classname="tests.test_chess_arena.TestPuzzles" name="test_complete_puzzle_increments" time="0.130" /><testcase classname="tests.test_chess_arena.TestGames" name="test_record_win_and_persist" time="0.145" /><testcase classname="tests.test_chess_arena.TestLeaderboard" name="test_leaderboard_sorted_desc" time="0.028" /><testcase classname="tests.test_chess_arena.TestOnlineRooms" name="test_create_join_move_flow" time="0.255" /><testcase classname="tests.test_chess_arena.TestOnlineRooms" name="test_join_nonexistent_room" time="0.031" /><testcase classname="tests.test_chess_arena.TestOnlineRooms" name="test_fools_mate_checkmate" time="0.302" /></testsuite></testsuites>