<?xml version="1.0" encoding="utf-8"?><testsuites name="pytest tests"><testsuite name="pytest" errors="0" failures="0" skipped="0" tests="21" time="2.003" timestamp="2026-08-28T07:18:08.372221+00:00" hostname="agent-env-5d2e5d5e-defc-4990-ac80-ede7b6bb0fab"><testcase classname="tests.test_chess_arena.TestAuth" name="test_login_demo_user" time="0.120" /><testcase classname="tests.test_chess_arena.TestAuth" name="test_login_wrong_password" time="0.044" /><testcase classname="tests.test_chess_arena.TestAuth" name="test_register_new_user" time="0.043" /><testcase classname="tests.test_chess_arena.TestAuth" name="test_register_duplicate" time="0.041" /><testcase classname="tests.test_chess_arena.TestAuth" name="test_guest_login" time="0.039" /><testcase classname="tests.test_chess_arena.TestAuth" name="test_me_without_token" time="0.043" /><testcase classname="tests.test_chess_arena.TestAuth" name="test_me_with_token" time="0.039" /><testcase classname="tests.test_chess_arena.TestAuth" name="test_update_profile" time="0.036" /><testcase classname="tests.test_chess_arena.TestChessEngine" name="test_ai_move_returns_legal[easy]" time="0.069" /><testcase classname="tests.test_chess_arena.TestChessEngine" name="test_ai_move_returns_legal[medium]" time="0.085" /><testcase classname="tests.test_chess_arena.TestChessEngine" name="test_ai_move_returns_legal[hard]" time="0.115" /><testcase classname="tests.test_chess_arena.TestChessEngine" name="test_ai_move_after_e2e4" time="0.077" /><testcase classname="tests.test_chess_arena.TestChessEngine" name="test_hint" time="0.118" /><testcase classname="tests.test_chess_arena.TestPuzzles" name="test_get_puzzles" time="0.037" /><testcase classname="tests.test_chess_arena.TestPuzzles" name="test_daily_puzzle" time="0.078" /><testcase classname="tests.test_chess_arena.TestPuzzles" name="test_complete_puzzle_increments" time="0.111" /><testcase classname="tests.test_chess_arena.TestGames" name="test_record_win_and_persist" time="0.178" /><testcase classname="tests.test_chess_arena.TestLeaderboard" name="test_leaderboard_sorted_desc" time="0.055" /><testcase classname="tests.test_chess_arena.TestOnlineRooms" name="test_create_join_move_flow" time="0.257" /><testcase classname="tests.test_chess_arena.TestOnlineRooms" name="test_join_nonexistent_room" time="0.036" /><testcase classname="tests.test_chess_arena.TestOnlineRooms" name="test_fools_mate_checkmate" time="0.297" /></testsuite></testsuites>